<R3 -> R3> Path: R3, Cost: 0
<R3 -> R0> Path: R3 -> R0, Cost: 15
<R3 -> R4> Path: R3 -> R4, Cost: 5

<R3 -> R3> Path: R3, Cost: 0
<R3 -> R0> Path: R3 -> R0, Cost: 15
<R3 -> R4> Path: R3 -> R4, Cost: 5
<R3 -> R1> Path: R3 -> R0 -> R1, Cost: 30
<R3 -> R2> Path: R3 -> R0 -> R1 -> R2, Cost: 35
<R3 -> R6> Path: R3 -> R0 -> R1 -> R6, Cost: 80

<R3 -> R3> Path: R3, Cost: 0
<R3 -> R0> Path: R3 -> R0, Cost: 15
<R3 -> R4> Path: R3 -> R4, Cost: 5
<R3 -> R1> Path: R3 -> R0 -> R1, Cost: 30
<R3 -> R2> Path: R3 -> R4 -> R2, Cost: 10
<R3 -> R6> Path: R3 -> R4 -> R6, Cost: 10
<R3 -> R5> Path: R3 -> R4 -> R5, Cost: 15
<R3 -> R7> Path: R3 -> R4 -> R6 -> R7, Cost: 20
<R3 -> R8> Path: R3 -> R4 -> R6 -> R8, Cost: 15

<R3 -> R3> Path: R3, Cost: 0
<R3 -> R0> Path: R3 -> R0, Cost: 15
<R3 -> R4> Path: R3 -> R4, Cost: 5
<R3 -> R1> Path: R3 -> R4 -> R2 -> R1, Cost: 15
<R3 -> R2> Path: R3 -> R4 -> R2, Cost: 10
<R3 -> R6> Path: R3 -> R4 -> R6, Cost: 10
<R3 -> R5> Path: R3 -> R4 -> R5, Cost: 15
<R3 -> R7> Path: R3 -> R4 -> R6 -> R7, Cost: 20
<R3 -> R8> Path: R3 -> R4 -> R6 -> R8, Cost: 15
<R3 -> R9> Path: R3 -> R4 -> R6 -> R8 -> R9, Cost: 25

6:Converged

