<R8 -> R8> Path: R8, Cost: 0
<R8 -> R6> Path: R8 -> R6, Cost: 5
<R8 -> R5> Path: R8 -> R5, Cost: 10
<R8 -> R9> Path: R8 -> R9, Cost: 10

<R8 -> R8> Path: R8, Cost: 0
<R8 -> R6> Path: R8 -> R6, Cost: 5
<R8 -> R5> Path: R8 -> R5, Cost: 10
<R8 -> R9> Path: R8 -> R9, Cost: 10
<R8 -> R1> Path: R8 -> R6 -> R1, Cost: 55
<R8 -> R4> Path: R8 -> R6 -> R4, Cost: 10
<R8 -> R7> Path: R8 -> R6 -> R7, Cost: 15

<R8 -> R8> Path: R8, Cost: 0
<R8 -> R6> Path: R8 -> R6, Cost: 5
<R8 -> R5> Path: R8 -> R5, Cost: 10
<R8 -> R9> Path: R8 -> R9, Cost: 10
<R8 -> R1> Path: R8 -> R6 -> R1, Cost: 55
<R8 -> R4> Path: R8 -> R6 -> R4, Cost: 10
<R8 -> R7> Path: R8 -> R6 -> R7, Cost: 15
<R8 -> R0> Path: R8 -> R5 -> R4 -> R0, Cost: 120
<R8 -> R2> Path: R8 -> R5 -> R4 -> R2, Cost: 25
<R8 -> R3> Path: R8 -> R5 -> R4 -> R3, Cost: 25

<R8 -> R8> Path: R8, Cost: 0
<R8 -> R6> Path: R8 -> R6, Cost: 5
<R8 -> R5> Path: R8 -> R5, Cost: 10
<R8 -> R9> Path: R8 -> R9, Cost: 10
<R8 -> R1> Path: R8 -> R6 -> R1, Cost: 55
<R8 -> R4> Path: R8 -> R6 -> R4, Cost: 10
<R8 -> R7> Path: R8 -> R6 -> R7, Cost: 15
<R8 -> R0> Path: R8 -> R6 -> R1 -> R0, Cost: 70
<R8 -> R2> Path: R8 -> R6 -> R4 -> R2, Cost: 15
<R8 -> R3> Path: R8 -> R6 -> R4 -> R3, Cost: 15

<R8 -> R8> Path: R8, Cost: 0
<R8 -> R6> Path: R8 -> R6, Cost: 5
<R8 -> R5> Path: R8 -> R5, Cost: 10
<R8 -> R9> Path: R8 -> R9, Cost: 10
<R8 -> R1> Path: R8 -> R5 -> R4 -> R2 -> R1, Cost: 30
<R8 -> R4> Path: R8 -> R6 -> R4, Cost: 10
<R8 -> R7> Path: R8 -> R6 -> R7, Cost: 15
<R8 -> R0> Path: R8 -> R5 -> R4 -> R3 -> R0, Cost: 40
<R8 -> R2> Path: R8 -> R6 -> R4 -> R2, Cost: 15
<R8 -> R3> Path: R8 -> R6 -> R4 -> R3, Cost: 15

<R8 -> R8> Path: R8, Cost: 0
<R8 -> R6> Path: R8 -> R6, Cost: 5
<R8 -> R5> Path: R8 -> R5, Cost: 10
<R8 -> R9> Path: R8 -> R9, Cost: 10
<R8 -> R1> Path: R8 -> R6 -> R4 -> R2 -> R1, Cost: 20
<R8 -> R4> Path: R8 -> R6 -> R4, Cost: 10
<R8 -> R7> Path: R8 -> R6 -> R7, Cost: 15
<R8 -> R0> Path: R8 -> R6 -> R4 -> R3 -> R0, Cost: 30
<R8 -> R2> Path: R8 -> R6 -> R4 -> R2, Cost: 15
<R8 -> R3> Path: R8 -> R6 -> R4 -> R3, Cost: 15

7:Converged

